0 info it worked if it ends with ok
1 verbose cli [ 'C:\\Program Files\\nodejs\\node.exe',
1 verbose cli   'C:\\Users\\Malik Fernandez\\AppData\\Roaming\\npm\\node_modules\\npm\\bin\\npm-cli.js',
1 verbose cli   'start' ]
2 info using npm@6.4.1
3 info using node@v10.14.1
4 verbose run-script [ 'prestart', 'start', 'poststart' ]
5 info lifecycle test2-react@1.0.0~prestart: test2-react@1.0.0
6 info lifecycle test2-react@1.0.0~start: test2-react@1.0.0
7 verbose lifecycle test2-react@1.0.0~start: unsafe-perm in lifecycle true
8 verbose lifecycle test2-react@1.0.0~start: PATH: C:\Users\Malik Fernandez\AppData\Roaming\npm\node_modules\npm\node_modules\npm-lifecycle\node-gyp-bin;C:\ASSEL\Personal\Personal projects\test2-react\node_modules\.bin;C:\Users\Malik Fernandez\bin;C:\Program Files\Git\mingw64\bin;C:\Program Files\Git\usr\local\bin;C:\Program Files\Git\usr\bin;C:\Program Files\Git\usr\bin;C:\Program Files\Git\mingw64\bin;C:\Program Files\Git\usr\bin;C:\Users\Malik Fernandez\bin;C:\ProgramData\Oracle\Java\javapath;C:\Program Files (x86)\Intel\iCLS Client;C:\Program Files\Intel\iCLS Client;C:\Windows\system32;C:\Windows;C:\Windows\System32\Wbem;C:\Windows\System32\WindowsPowerShell\v1.0;C:\Program Files\Intel\Intel(R) Management Engine Components\DAL;C:\Program Files\Intel\Intel(R) Management Engine Components\IPT;C:\Program Files (x86)\Intel\Intel(R) Management Engine Components\DAL;C:\Program Files (x86)\Intel\Intel(R) Management Engine Components\IPT;C:\Program Files (x86)\Roadkill1_1;C:\Program Files (x86)\NVIDIA Corporation\PhysX\Common;C:\Program Files (x86)\QuickTime\QTSystem;C:\Program Files\Git\cmd;C:\Users\Malik Fernandez\AppData\Local\Programs\Python\Python27;C:\Program Files (x86)\GtkSharp\2.12\bin;C:\Program Files (x86)\DigiCert Certificate Agent\bin;C:\Users\Malik Fernandez\AppData\Local\Programs\Python\Python27\Scripts;C:\Program Files (x86)\PostgreSQL\9.3\bin;C:\Program Files\IDM Computer Solutions\UltraEdit;C:\MAMP\bin\php\php7.2.1;C:\ProgramData\ComposerSetup\bin;C:\Program Files (x86)\GammaTech\TumarCSP\lib;C:\Program Files\nodejs;C:\Users\Malik Fernandez\AppData\Local\Programs\Python\Python36\Scripts;C:\Users\Malik Fernandez\AppData\Local\Programs\Python\Python36;C:\Users\Malik Fernandez\AppData\Roaming\Composer\vendor\bin;C:\xampp5.6\php;C:\Program Files\nodejs;C:\Program Files\Git\usr\bin\vendor_perl;C:\Program Files\Git\usr\bin\core_perl
9 verbose lifecycle test2-react@1.0.0~start: CWD: C:\ASSEL\Personal\Personal projects\test2-react
10 silly lifecycle test2-react@1.0.0~start: Args: [ '/d /s /c',
10 silly lifecycle   'webpack-dev-server --open --mode development --module-bind js=babel-loader' ]
11 info lifecycle test2-react@1.0.0~start: Failed to exec start script
12 silly lifecycle test2-react@1.0.0~start: Returned: code: -4058  signal: null
13 info lifecycle test2-react@1.0.0~start: Failed to exec start script
14 verbose stack Error: test2-react@1.0.0 start: `webpack-dev-server --open --mode development --module-bind js=babel-loader`
14 verbose stack spawn C:\Windows\system32\cmd.exe ENOENT
14 verbose stack     at Process.ChildProcess._handle.onexit (internal/child_process.js:232:19)
14 verbose stack     at onErrorNT (internal/child_process.js:407:16)
14 verbose stack     at process._tickCallback (internal/process/next_tick.js:63:19)
15 verbose pkgid test2-react@1.0.0
16 verbose cwd C:\ASSEL\Personal\Personal projects\test2-react
17 verbose Windows_NT 6.3.9600
18 verbose argv "C:\\Program Files\\nodejs\\node.exe" "C:\\Users\\Malik Fernandez\\AppData\\Roaming\\npm\\node_modules\\npm\\bin\\npm-cli.js" "start"
19 verbose node v10.14.1
20 verbose npm  v6.4.1
21 error file C:\Windows\system32\cmd.exe
22 error path C:\Windows\system32\cmd.exe
23 error code ELIFECYCLE
24 error errno ENOENT
25 error syscall spawn C:\Windows\system32\cmd.exe
26 error test2-react@1.0.0 start: `webpack-dev-server --open --mode development --module-bind js=babel-loader`
26 error spawn C:\Windows\system32\cmd.exe ENOENT
27 error Failed at the test2-react@1.0.0 start script.
27 error This is probably not a problem with npm. There is likely additional logging output above.
28 verbose exit [ 1, true ]
